fs.c: In function ‘fs_write_file’:
fs.c:492:16: warning: variable ‘aux’ set but not used [-Wunused-but-set-variable]
  492 |         int ii,aux;
      |                ^~~
fs.c: In function ‘fs_read_file’:
fs.c:743:13: warning: variable ‘aux’ set but not used [-Wunused-but-set-variable]
  743 |         int aux, bufaux, nlinks, i, mod;
      |             ^~~
fs.c: In function ‘fs_unlink’:
fs.c:854:13: warning: variable ‘aux’ set but not used [-Wunused-but-set-variable]
  854 |         int aux;
      |             ^~~
fs.c: In function ‘fs_mkdir’:
fs.c:969:13: warning: variable ‘aux’ set but not used [-Wunused-but-set-variable]
  969 |         int aux;
      |             ^~~
fs.c: In function ‘fs_rmdir’:
fs.c:1057:13: warning: variable ‘aux’ set but not used [-Wunused-but-set-variable]
 1057 |         int aux,ii;
      |             ^~~
fs.c: In function ‘fs_list_dir’:
fs.c:1184:13: warning: variable ‘aux’ set but not used [-Wunused-but-set-variable]
 1184 |         int aux, i;
      |             ^~~
fs.c: In function ‘fs_write_file’:
fs.c:492:16: warning: variable ‘aux’ set but not used [-Wunused-but-set-variable]
  492 |         int ii,aux;
      |                ^~~
fs.c: In function ‘fs_read_file’:
fs.c:743:13: warning: variable ‘aux’ set but not used [-Wunused-but-set-variable]
  743 |         int aux, bufaux, nlinks, i, mod;
      |             ^~~
fs.c: In function ‘fs_unlink’:
fs.c:854:13: warning: variable ‘aux’ set but not used [-Wunused-but-set-variable]
  854 |         int aux;
      |             ^~~
fs.c: In function ‘fs_mkdir’:
fs.c:969:13: warning: variable ‘aux’ set but not used [-Wunused-but-set-variable]
  969 |         int aux;
      |             ^~~
fs.c: In function ‘fs_rmdir’:
fs.c:1057:13: warning: variable ‘aux’ set but not used [-Wunused-but-set-variable]
 1057 |         int aux,ii;
      |             ^~~
fs.c: In function ‘fs_list_dir’:
fs.c:1184:13: warning: variable ‘aux’ set but not used [-Wunused-but-set-variable]
 1184 |         int aux, i;
      |             ^~~
fs.c: In function ‘fs_write_file’:
fs.c:492:16: warning: variable ‘aux’ set but not used [-Wunused-but-set-variable]
  492 |         int ii,aux;
      |                ^~~
fs.c: In function ‘fs_read_file’:
fs.c:743:13: warning: variable ‘aux’ set but not used [-Wunused-but-set-variable]
  743 |         int aux, bufaux, nlinks, i, mod;
      |             ^~~
fs.c: In function ‘fs_unlink’:
fs.c:854:13: warning: variable ‘aux’ set but not used [-Wunused-but-set-variable]
  854 |         int aux;
      |             ^~~
fs.c: In function ‘fs_mkdir’:
fs.c:969:13: warning: variable ‘aux’ set but not used [-Wunused-but-set-variable]
  969 |         int aux;
      |             ^~~
fs.c: In function ‘fs_rmdir’:
fs.c:1057:13: warning: variable ‘aux’ set but not used [-Wunused-but-set-variable]
 1057 |         int aux,ii;
      |             ^~~
fs.c: In function ‘fs_list_dir’:
fs.c:1184:13: warning: variable ‘aux’ set but not used [-Wunused-but-set-variable]
 1184 |         int aux, i;
      |             ^~~
